<?xml version="1.0" encoding="UTF-8"?>
<!-- Generated by org.testng.reporters.JUnitReportReporter -->
<testsuite hostname="CPE-UAEH-D63G0" failures="0" tests="1" name="com.test.CreateParcel" time="5.926" errors="0" timestamp="2024-10-16T17:26:38 IST" skipped="0">
  <testcase classname="com.test.CreateParcel" name="createParcel" time="5.926"/>
  <system-out/>
</testsuite> <!-- com.test.CreateParcel -->
