<?xml version="1.0" encoding="UTF-8"?>
<!-- Generated by org.testng.reporters.JUnitReportReporter -->
<testsuite hostname="CPE-UAEH-D63G0" failures="0" tests="1" name="com.test.Parcelss" time="8.897" errors="0" timestamp="2024-10-16T18:47:43 IST" skipped="0">
  <testcase classname="com.test.Parcelss" name="getHeader" time="8.897"/>
  <system-out/>
</testsuite> <!-- com.test.Parcelss -->
